{"level":"info","message":"GET /api/products/categories/all","timestamp":"2025-09-06T20:59:55.642Z"}
{"level":"info","message":"GET /api/products/categories/all","timestamp":"2025-09-06T20:59:55.748Z"}
{"level":"info","message":"GET /api/products/categories/all","timestamp":"2025-09-06T20:59:55.803Z"}
{"level":"info","message":"GET /api/products/:id","params":{"id":"68a2d7e9302c7cc8ea143c2a"},"timestamp":"2025-09-06T20:59:55.859Z"}
{"level":"info","message":"GET /api/products/categories/all","timestamp":"2025-09-06T20:59:55.866Z"}
{"level":"info","message":"GET /api/products/categories/all","timestamp":"2025-09-06T20:59:55.923Z"}
{"level":"info","message":"GET /api/products/:id","params":{"id":"68a2d7e9302c7cc8ea143c2a"},"timestamp":"2025-09-06T20:59:55.972Z"}
{"level":"info","message":"GET /api/products/categories/all","timestamp":"2025-09-06T20:59:55.978Z"}
{"level":"info","message":"GET /api/products/:id","params":{"id":"68a2d7e9302c7cc8ea143c2a"},"timestamp":"2025-09-06T21:00:57.950Z"}
{"level":"info","message":"GET /api/products/:id","params":{"id":"68a2d7e9302c7cc8ea143c2a"},"timestamp":"2025-09-06T21:00:58.081Z"}
{"level":"info","message":"GET /api/products/categories/all","timestamp":"2025-09-06T21:01:09.581Z"}
{"level":"info","message":"GET /api/products","query":{"page":"1","sortBy":"name"},"timestamp":"2025-09-06T21:01:09.600Z"}
{"level":"info","message":"GET /api/products","query":{"page":"1","sortBy":"name"},"timestamp":"2025-09-06T21:01:09.624Z"}
{"level":"info","message":"GET /api/products/categories/all","timestamp":"2025-09-06T21:01:09.650Z"}
{"level":"info","message":"GET /api/products/:id","params":{"id":"68a2d7e9302c7cc8ea143c2a"},"timestamp":"2025-09-06T21:01:11.619Z"}
{"level":"info","message":"GET /api/products/:id","params":{"id":"68a2d7e9302c7cc8ea143c2a"},"timestamp":"2025-09-06T21:01:11.722Z"}
{"level":"info","message":"GET /api/products/categories/all","timestamp":"2025-09-06T21:08:15.049Z"}
{"level":"info","message":"GET /api/products/categories/all","timestamp":"2025-09-06T21:08:15.159Z"}
{"level":"info","message":"GET /api/products/categories/all","timestamp":"2025-09-06T21:08:15.214Z"}
{"level":"info","message":"GET /api/products/:id","params":{"id":"68a2d7e9302c7cc8ea143c2a"},"timestamp":"2025-09-06T21:08:15.240Z"}
{"level":"info","message":"GET /api/products/categories/all","timestamp":"2025-09-06T21:08:15.283Z"}
{"level":"info","message":"GET /api/products/categories/all","timestamp":"2025-09-06T21:08:15.340Z"}
{"level":"info","message":"GET /api/products/:id","params":{"id":"68a2d7e9302c7cc8ea143c2a"},"timestamp":"2025-09-06T21:08:15.373Z"}
{"level":"info","message":"GET /api/products/categories/all","timestamp":"2025-09-06T21:08:15.404Z"}
{"level":"info","message":"GET /api/products/:id","params":{"id":"68a452b29ac68f9c43cfedd5"},"timestamp":"2025-09-07T05:41:39.841Z"}
{"level":"info","message":"GET /api/products/:id","params":{"id":"68a452b29ac68f9c43cfedd5"},"timestamp":"2025-09-07T05:41:39.998Z"}
{"level":"info","message":"GET /api/products/:id","params":{"id":"68a452b29ac68f9c43cfedd5"},"timestamp":"2025-09-07T05:41:40.103Z"}
{"level":"info","message":"GET /api/products/:id","params":{"id":"68a452b29ac68f9c43cfedd5"},"timestamp":"2025-09-07T05:41:40.214Z"}
{"level":"info","message":"GET /api/products/:id","params":{"id":"68a2d7e9302c7cc8ea143c2a"},"timestamp":"2025-09-07T05:42:05.435Z"}
{"level":"info","message":"GET /api/products/:id","params":{"id":"68a2d7e9302c7cc8ea143c2a"},"timestamp":"2025-09-07T05:42:05.542Z"}
{"level":"info","message":"GET /api/products/categories/all","timestamp":"2025-09-07T05:48:59.489Z"}
{"level":"info","message":"GET /api/products/categories/all","timestamp":"2025-09-07T05:48:59.546Z"}
{"level":"info","message":"GET /api/products/categories/all","timestamp":"2025-09-07T05:48:59.601Z"}
{"level":"info","message":"GET /api/products/categories/all","timestamp":"2025-09-07T05:48:59.656Z"}
{"level":"info","message":"GET /api/products/categories/all","timestamp":"2025-09-07T05:48:59.714Z"}
{"level":"info","message":"GET /api/products/categories/all","timestamp":"2025-09-07T05:48:59.769Z"}
{"level":"info","message":"GET /api/products/:id","params":{"id":"68a2d7e9302c7cc8ea143c2a"},"timestamp":"2025-09-07T05:49:00.064Z"}
{"level":"info","message":"GET /api/products/:id","params":{"id":"68a2d7e9302c7cc8ea143c2a"},"timestamp":"2025-09-07T05:49:00.167Z"}
{"level":"info","message":"GET /api/products/categories/all","timestamp":"2025-09-07T05:53:14.937Z"}
{"level":"info","message":"GET /api/products/categories/all","timestamp":"2025-09-07T05:53:14.997Z"}
{"level":"info","message":"GET /api/products/categories/all","timestamp":"2025-09-07T05:53:15.047Z"}
{"level":"info","message":"GET /api/products/:id","params":{"id":"68a2d7e9302c7cc8ea143c2a"},"timestamp":"2025-09-07T05:53:15.083Z"}
{"level":"info","message":"GET /api/products/categories/all","timestamp":"2025-09-07T05:53:15.102Z"}
{"level":"info","message":"GET /api/products/categories/all","timestamp":"2025-09-07T05:53:15.158Z"}
{"level":"info","message":"GET /api/products/:id","params":{"id":"68a2d7e9302c7cc8ea143c2a"},"timestamp":"2025-09-07T05:53:15.182Z"}
{"level":"info","message":"GET /api/products/categories/all","timestamp":"2025-09-07T05:53:15.217Z"}
{"level":"info","message":"GET /api/products/:id","params":{"id":"68a2d7e9302c7cc8ea143c2a"},"timestamp":"2025-09-07T05:54:32.778Z"}
{"level":"info","message":"GET /api/products/:id","params":{"id":"68a2d7e9302c7cc8ea143c2a"},"timestamp":"2025-09-07T05:54:32.883Z"}
{"level":"info","message":"GET /api/products/categories/all","timestamp":"2025-09-07T05:54:44.716Z"}
{"level":"info","message":"GET /api/products","query":{"page":"1","sortBy":"name"},"timestamp":"2025-09-07T05:54:44.721Z"}
{"level":"info","message":"GET /api/products","query":{"page":"1","sortBy":"name"},"timestamp":"2025-09-07T05:54:44.727Z"}
{"level":"info","message":"GET /api/products/categories/all","timestamp":"2025-09-07T05:54:44.770Z"}
{"level":"info","message":"GET /api/products/:id","params":{"id":"68a2d7e9302c7cc8ea143c2a"},"timestamp":"2025-09-07T05:54:50.710Z"}
{"level":"info","message":"GET /api/products/:id","params":{"id":"68a2d7e9302c7cc8ea143c2a"},"timestamp":"2025-09-07T05:54:50.829Z"}
{"level":"info","message":"GET /api/products/:id","params":{"id":"68a2d7e9302c7cc8ea143c2a"},"timestamp":"2025-09-07T07:38:54.643Z"}
{"level":"info","message":"GET /api/products/:id","params":{"id":"68a2d7e9302c7cc8ea143c2a"},"timestamp":"2025-09-07T07:38:54.766Z"}
{"level":"info","message":"GET /api/products/categories/all","timestamp":"2025-09-07T07:39:00.394Z"}
{"level":"info","message":"GET /api/products","query":{"page":"1","sortBy":"name"},"timestamp":"2025-09-07T07:39:00.400Z"}
{"level":"info","message":"GET /api/products","query":{"page":"1","sortBy":"name"},"timestamp":"2025-09-07T07:39:00.409Z"}
{"level":"info","message":"GET /api/products/categories/all","timestamp":"2025-09-07T07:39:00.450Z"}
{"level":"info","message":"GET /api/products/:id","params":{"id":"68a2d7e9302c7cc8ea143c2a"},"timestamp":"2025-09-07T08:00:58.635Z"}
{"level":"info","message":"GET /api/products/:id","params":{"id":"68a2d7e9302c7cc8ea143c2a"},"timestamp":"2025-09-07T08:00:58.744Z"}
{"level":"info","message":"GET /api/products/:id","params":{"id":"68a2d7e9302c7cc8ea143c2a"},"timestamp":"2025-09-07T08:02:14.421Z"}
{"level":"info","message":"GET /api/products/:id","params":{"id":"68a2d7e9302c7cc8ea143c2a"},"timestamp":"2025-09-07T08:02:14.525Z"}
{"level":"info","message":"GET /api/products/:id","params":{"id":"68a2d7e9302c7cc8ea143c2a"},"timestamp":"2025-09-07T08:02:32.824Z"}
{"level":"info","message":"GET /api/products/:id","params":{"id":"68a2d7e9302c7cc8ea143c2a"},"timestamp":"2025-09-07T08:02:32.927Z"}
{"level":"info","message":"GET /api/products/:id","params":{"id":"68a2d7e9302c7cc8ea143c2a"},"timestamp":"2025-09-07T11:18:03.739Z"}
{"level":"info","message":"GET /api/products/:id","params":{"id":"68a2d7e9302c7cc8ea143c2a"},"timestamp":"2025-09-07T11:18:03.865Z"}
{"level":"info","message":"GET /api/products/:id","params":{"id":"68a2d7e9302c7cc8ea143c2a"},"timestamp":"2025-09-07T11:18:51.644Z"}
{"level":"info","message":"GET /api/products/:id","params":{"id":"68a2d7e9302c7cc8ea143c2a"},"timestamp":"2025-09-07T11:18:51.752Z"}
{"level":"info","message":"GET /api/products/categories/all","timestamp":"2025-09-07T11:19:01.934Z"}
{"level":"info","message":"GET /api/products","query":{"page":"1","sortBy":"name"},"timestamp":"2025-09-07T11:19:01.939Z"}
{"level":"info","message":"GET /api/products","query":{"page":"1","sortBy":"name"},"timestamp":"2025-09-07T11:19:01.945Z"}
{"level":"info","message":"GET /api/products/categories/all","timestamp":"2025-09-07T11:19:01.987Z"}
{"level":"info","message":"GET /api/products/:id","params":{"id":"68a2d7e9302c7cc8ea143c2a"},"timestamp":"2025-09-07T11:19:08.357Z"}
{"level":"info","message":"GET /api/products/:id","params":{"id":"68a2d7e9302c7cc8ea143c2a"},"timestamp":"2025-09-07T11:19:08.467Z"}
{"level":"info","message":"GET /api/products/:id","params":{"id":"68a2d7e9302c7cc8ea143c2a"},"timestamp":"2025-09-07T11:22:58.065Z"}
{"level":"info","message":"GET /api/products/:id","params":{"id":"68a2d7e9302c7cc8ea143c2a"},"timestamp":"2025-09-07T11:22:58.184Z"}
{"level":"info","message":"GET /api/products/categories/all","timestamp":"2025-09-07T11:26:48.270Z"}
{"level":"info","message":"GET /api/products/categories/all","timestamp":"2025-09-07T11:26:48.326Z"}
{"level":"info","message":"GET /api/products/categories/all","timestamp":"2025-09-07T11:26:48.381Z"}
{"level":"info","message":"GET /api/products/categories/all","timestamp":"2025-09-07T11:26:48.436Z"}
{"level":"info","message":"GET /api/products/categories/all","timestamp":"2025-09-07T11:26:48.496Z"}
{"level":"info","message":"GET /api/products/categories/all","timestamp":"2025-09-07T11:26:48.550Z"}
{"level":"info","message":"GET /api/products/categories/all","timestamp":"2025-09-07T11:26:59.603Z"}
{"level":"info","message":"GET /api/products","query":{"page":"1","sortBy":"name"},"timestamp":"2025-09-07T11:26:59.609Z"}
{"level":"info","message":"GET /api/products","query":{"page":"1","sortBy":"name"},"timestamp":"2025-09-07T11:26:59.619Z"}
{"level":"info","message":"GET /api/products/categories/all","timestamp":"2025-09-07T11:26:59.659Z"}
{"level":"info","message":"GET /api/products/categories/all","timestamp":"2025-09-07T11:36:51.502Z"}
{"level":"info","message":"GET /api/products/categories/all","timestamp":"2025-09-07T11:36:51.590Z"}
{"level":"info","message":"GET /api/products/categories/all","timestamp":"2025-09-07T11:36:51.646Z"}
{"level":"info","message":"GET /api/products/:id","params":{"id":"68a2d7e9302c7cc8ea143c2a"},"timestamp":"2025-09-07T11:36:51.658Z"}
{"level":"info","message":"GET /api/products/categories/all","timestamp":"2025-09-07T11:36:51.699Z"}
{"level":"info","message":"GET /api/products/categories/all","timestamp":"2025-09-07T11:36:51.757Z"}
{"level":"info","message":"GET /api/products/:id","params":{"id":"68a2d7e9302c7cc8ea143c2a"},"timestamp":"2025-09-07T11:36:51.771Z"}
{"level":"info","message":"GET /api/products/categories/all","timestamp":"2025-09-07T11:36:51.813Z"}
{"level":"info","message":"GET /api/products/categories/all","timestamp":"2025-09-07T11:43:02.733Z"}
{"level":"info","message":"GET /api/products/categories/all","timestamp":"2025-09-07T11:43:02.818Z"}
{"level":"info","message":"GET /api/products/categories/all","timestamp":"2025-09-07T11:43:02.876Z"}
{"level":"info","message":"GET /api/products/categories/all","timestamp":"2025-09-07T11:43:02.933Z"}
{"level":"info","message":"GET /api/products/categories/all","timestamp":"2025-09-07T11:43:03.002Z"}
{"level":"info","message":"GET /api/products/categories/all","timestamp":"2025-09-07T11:43:03.055Z"}
{"level":"info","message":"GET /api/products/categories/all","timestamp":"2025-09-07T12:04:00.213Z"}
{"level":"info","message":"GET /api/products/categories/all","timestamp":"2025-09-07T12:04:00.321Z"}
{"level":"info","message":"GET /api/products/categories/all","timestamp":"2025-09-07T12:04:00.376Z"}
{"level":"info","message":"GET /api/products/categories/all","timestamp":"2025-09-07T12:04:00.433Z"}
{"level":"info","message":"GET /api/products/categories/all","timestamp":"2025-09-07T12:04:00.498Z"}
{"level":"info","message":"GET /api/products/categories/all","timestamp":"2025-09-07T12:04:00.557Z"}
{"level":"info","message":"GET /api/products/categories/all","timestamp":"2025-09-07T12:06:37.569Z"}
{"level":"info","message":"GET /api/products/categories/all","timestamp":"2025-09-07T12:06:37.619Z"}
{"level":"info","message":"GET /api/products/categories/all","timestamp":"2025-09-07T12:06:37.672Z"}
{"level":"info","message":"GET /api/products/categories/all","timestamp":"2025-09-07T12:06:37.740Z"}
{"level":"info","message":"GET /api/products/categories/all","timestamp":"2025-09-07T12:06:37.810Z"}
{"level":"info","message":"GET /api/products/categories/all","timestamp":"2025-09-07T12:06:37.860Z"}
{"level":"info","message":"GET /api/products/categories/all","timestamp":"2025-09-07T12:14:58.087Z"}
{"level":"info","message":"GET /api/products/categories/all","timestamp":"2025-09-07T12:14:58.172Z"}
{"level":"info","message":"GET /api/products/categories/all","timestamp":"2025-09-07T12:14:58.241Z"}
{"level":"info","message":"GET /api/products/categories/all","timestamp":"2025-09-07T12:14:58.297Z"}
{"level":"info","message":"GET /api/products/categories/all","timestamp":"2025-09-07T12:14:58.364Z"}
{"level":"info","message":"GET /api/products/categories/all","timestamp":"2025-09-07T12:14:58.426Z"}
{"level":"info","message":"GET /api/products/categories/all","timestamp":"2025-09-07T12:16:57.859Z"}
{"level":"info","message":"GET /api/products/categories/all","timestamp":"2025-09-07T12:16:57.940Z"}
{"level":"info","message":"GET /api/products/categories/all","timestamp":"2025-09-07T12:16:58.002Z"}
{"level":"info","message":"GET /api/products/categories/all","timestamp":"2025-09-07T12:16:58.066Z"}
{"level":"info","message":"GET /api/products/categories/all","timestamp":"2025-09-07T12:16:58.126Z"}
{"level":"info","message":"GET /api/products/categories/all","timestamp":"2025-09-07T12:16:58.184Z"}
{"level":"info","message":"GET /api/products/:id","params":{"id":"68a2d7e9302c7cc8ea143c2a"},"timestamp":"2025-09-07T12:17:08.990Z"}
{"level":"info","message":"GET /api/products/:id","params":{"id":"68a2d7e9302c7cc8ea143c2a"},"timestamp":"2025-09-07T12:17:09.428Z"}
{"level":"info","message":"GET /api/products/subcategories/:categoryId","params":{"categoryId":"led-krushki"},"timestamp":"2025-09-07T12:34:31.329Z"}
{"level":"info","message":"GET /api/products/categories/all","timestamp":"2025-09-07T12:37:25.584Z"}
{"level":"info","message":"GET /api/products/categories/all","timestamp":"2025-09-07T12:37:25.654Z"}
{"level":"info","message":"GET /api/products/categories/all","timestamp":"2025-09-07T12:37:25.706Z"}
{"level":"info","message":"GET /api/products/categories/all","timestamp":"2025-09-07T12:37:25.763Z"}
{"level":"info","message":"GET /api/products/categories/all","timestamp":"2025-09-07T12:37:25.815Z"}
{"level":"info","message":"GET /api/products/categories/all","timestamp":"2025-09-07T12:37:25.896Z"}
{"level":"info","message":"GET /api/products/:id","params":{"id":"68a2d7e9302c7cc8ea143c2a"},"timestamp":"2025-09-07T12:37:32.373Z"}
{"level":"info","message":"GET /api/products/:id","params":{"id":"68a2d7e9302c7cc8ea143c2a"},"timestamp":"2025-09-07T12:37:32.497Z"}
{"level":"info","message":"GET /api/products/categories/all","timestamp":"2025-09-07T12:41:53.270Z"}
{"level":"info","message":"GET /api/products/categories/all","timestamp":"2025-09-07T12:41:53.349Z"}
{"level":"info","message":"GET /api/products/categories/all","timestamp":"2025-09-07T12:41:53.411Z"}
{"level":"info","message":"GET /api/products/categories/all","timestamp":"2025-09-07T12:41:53.473Z"}
{"level":"info","message":"GET /api/products/categories/all","timestamp":"2025-09-07T12:41:53.569Z"}
{"level":"info","message":"GET /api/products/categories/all","timestamp":"2025-09-07T12:41:53.638Z"}
{"level":"info","message":"GET /api/products/:id","params":{"id":"68a2d7e9302c7cc8ea143c2a"},"timestamp":"2025-09-07T12:41:53.661Z"}
{"level":"info","message":"GET /api/products/:id","params":{"id":"68a2d7e9302c7cc8ea143c2a"},"timestamp":"2025-09-07T12:41:53.801Z"}
{"level":"info","message":"GET /api/products/categories/all","timestamp":"2025-09-07T12:43:16.910Z"}
{"level":"info","message":"GET /api/products/categories/all","timestamp":"2025-09-07T12:43:16.970Z"}
{"level":"info","message":"GET /api/products/categories/all","timestamp":"2025-09-07T12:43:17.038Z"}
{"level":"info","message":"GET /api/products/categories/all","timestamp":"2025-09-07T12:43:17.092Z"}
{"level":"info","message":"GET /api/products/categories/all","timestamp":"2025-09-07T12:43:17.151Z"}
{"level":"info","message":"GET /api/products/categories/all","timestamp":"2025-09-07T12:43:17.203Z"}
{"level":"info","message":"GET /api/products/categories/all","timestamp":"2025-09-07T12:44:56.402Z"}
{"level":"info","message":"GET /api/products/categories/all","timestamp":"2025-09-07T12:44:56.519Z"}
{"level":"info","message":"GET /api/products/categories/all","timestamp":"2025-09-07T12:44:56.589Z"}
{"level":"info","message":"GET /api/products/categories/all","timestamp":"2025-09-07T12:44:56.647Z"}
{"level":"info","message":"GET /api/products/categories/all","timestamp":"2025-09-07T12:44:56.701Z"}
{"level":"info","message":"GET /api/products/categories/all","timestamp":"2025-09-07T12:44:56.763Z"}
{"level":"info","message":"GET /api/products/categories/all","timestamp":"2025-09-07T12:44:56.815Z"}
{"level":"info","message":"GET /api/products/categories/all","timestamp":"2025-09-07T12:44:56.864Z"}
{"level":"info","message":"GET /api/products/categories/all","timestamp":"2025-09-07T12:44:56.920Z"}
{"level":"info","message":"GET /api/products/categories/all","timestamp":"2025-09-07T12:44:56.980Z"}
{"level":"info","message":"GET /api/products/categories/all","timestamp":"2025-09-07T12:44:57.034Z"}
{"level":"info","message":"GET /api/products/categories/all","timestamp":"2025-09-07T12:44:57.085Z"}
{"level":"info","message":"GET /api/products/:id","params":{"id":"68a2d7e9302c7cc8ea143c2a"},"timestamp":"2025-09-07T12:44:57.302Z"}
{"level":"info","message":"GET /api/products/:id","params":{"id":"68a2d7e9302c7cc8ea143c2a"},"timestamp":"2025-09-07T12:44:57.412Z"}
{"level":"info","message":"GET /api/products/categories/all","timestamp":"2025-09-07T12:46:47.691Z"}
{"level":"info","message":"GET /api/products/categories/all","timestamp":"2025-09-07T12:46:47.744Z"}
{"level":"info","message":"GET /api/products/categories/all","timestamp":"2025-09-07T12:46:47.798Z"}
{"level":"info","message":"GET /api/products/categories/all","timestamp":"2025-09-07T12:46:47.850Z"}
{"level":"info","message":"GET /api/products/categories/all","timestamp":"2025-09-07T12:46:47.903Z"}
{"level":"info","message":"GET /api/products/categories/all","timestamp":"2025-09-07T12:46:47.963Z"}
{"level":"info","message":"GET /api/products/categories/all","timestamp":"2025-09-07T13:04:59.358Z"}
{"level":"info","message":"GET /api/products/categories/all","timestamp":"2025-09-07T13:04:59.515Z"}
{"level":"info","message":"GET /api/products/categories/all","timestamp":"2025-09-07T13:04:59.585Z"}
{"level":"info","message":"GET /api/products/categories/all","timestamp":"2025-09-07T13:04:59.644Z"}
{"level":"info","message":"GET /api/products/categories/all","timestamp":"2025-09-07T13:04:59.710Z"}
{"level":"info","message":"GET /api/products/categories/all","timestamp":"2025-09-07T13:04:59.769Z"}
{"level":"info","message":"GET /api/products/subcategories/:categoryId","params":{"categoryId":"led-krushki"},"timestamp":"2025-09-07T13:07:31.202Z"}
{"level":"info","message":"GET /api/products/subcategories/:categoryId","params":{"categoryId":"led-plafoni"},"timestamp":"2025-09-07T13:07:31.268Z"}
{"level":"info","message":"GET /api/products/subcategories/:categoryId","params":{"categoryId":"led-polilei"},"timestamp":"2025-09-07T13:07:31.351Z"}
{"level":"info","message":"GET /api/products/subcategories/:categoryId","params":{"categoryId":"led-plafoni"},"timestamp":"2025-09-07T13:07:32.104Z"}
{"level":"info","message":"GET /api/products/subcategories/:categoryId","params":{"categoryId":"led-polilei"},"timestamp":"2025-09-07T13:07:36.345Z"}
{"level":"info","message":"GET /api/products/subcategories/:categoryId","params":{"categoryId":"gradinsko-osvetlenie"},"timestamp":"2025-09-07T13:07:36.536Z"}
{"level":"info","message":"GET /api/products/:id","params":{"id":"68a2d7e9302c7cc8ea143c2a"},"timestamp":"2025-09-07T13:07:50.676Z"}
{"level":"info","message":"GET /api/products/:id","params":{"id":"68a2d7e9302c7cc8ea143c2a"},"timestamp":"2025-09-07T13:07:50.780Z"}
{"level":"info","message":"GET /api/products/:id","params":{"id":"68a2d7e9302c7cc8ea143c2a"},"timestamp":"2025-09-07T14:03:02.691Z"}
{"level":"info","message":"GET /api/products/:id","params":{"id":"68a2d7e9302c7cc8ea143c2a"},"timestamp":"2025-09-07T14:03:02.818Z"}
